<?xml version="1.0" encoding="UTF-8"?>
<testng-results ignored="0" total="1" passed="0" failed="1" skipped="0">
  <reporter-output>
    <line>
      <![CDATA[=======DataBase connection est===]]>
    </line>
    <line>
      <![CDATA[Browser got Launched]]>
    </line>
    <line>
      <![CDATA[Logged In successfully]]>
    </line>
    <line>
      <![CDATA[Logged out successfully]]>
    </line>
    <line>
      <![CDATA[Browser got closed ]]>
    </line>
    <line>
      <![CDATA[Database connection dissconect ]]>
    </line>
  </reporter-output>
  <suite started-at="2025-04-03T10:41:42 IST" name="Default suite" finished-at="2025-04-03T10:42:03 IST" duration-ms="21500">
    <groups>
      <group name="Smoke">
        <method signature="ToCreateContactsTests.toCreateContacts_001()[pri:0, instance:ContactTests.ToCreateContactsTests@e350b40]" name="toCreateContacts_001" class="ContactTests.ToCreateContactsTests"/>
      </group> <!-- Smoke -->
    </groups>
    <test started-at="2025-04-03T10:41:42 IST" name="Default test" finished-at="2025-04-03T10:42:03 IST" duration-ms="21500">
      <class name="ContactTests.ToCreateContactsTests">
        <test-method is-config="true" signature="beforesuiteConfiguration()[pri:0, instance:ContactTests.ToCreateContactsTests@e350b40]" started-at="2025-04-03T10:41:42 IST" name="beforesuiteConfiguration" finished-at="2025-04-03T10:41:42 IST" duration-ms="11" status="PASS">
          <reporter-output>
            <line>
              <![CDATA[=======DataBase connection est===]]>
            </line>
          </reporter-output>
        </test-method> <!-- beforesuiteConfiguration -->
        <test-method is-config="true" signature="beforeClassConfiguration()[pri:0, instance:ContactTests.ToCreateContactsTests@e350b40]" started-at="2025-04-03T10:41:42 IST" name="beforeClassConfiguration" finished-at="2025-04-03T10:41:48 IST" duration-ms="6084" status="PASS">
          <reporter-output>
            <line>
              <![CDATA[Browser got Launched]]>
            </line>
          </reporter-output>
        </test-method> <!-- beforeClassConfiguration -->
        <test-method is-config="true" signature="beforeMethodConfiguration()[pri:0, instance:ContactTests.ToCreateContactsTests@e350b40]" started-at="2025-04-03T10:41:48 IST" name="beforeMethodConfiguration" finished-at="2025-04-03T10:41:52 IST" duration-ms="4171" status="PASS">
          <reporter-output>
            <line>
              <![CDATA[Logged In successfully]]>
            </line>
          </reporter-output>
        </test-method> <!-- beforeMethodConfiguration -->
        <test-method signature="toCreateContacts_001()[pri:0, instance:ContactTests.ToCreateContactsTests@e350b40]" started-at="2025-04-03T10:41:52 IST" name="toCreateContacts_001" finished-at="2025-04-03T10:42:01 IST" duration-ms="8285" status="FAIL">
          <exception class="java.lang.AssertionError">
            <message>
              <![CDATA[null]]>
            </message>
            <full-stacktrace>
              <![CDATA[java.lang.AssertionError: null
at org.testng.Assert.fail(Assert.java:99)
at org.testng.Assert.fail(Assert.java:106)
at ContactTests.ToCreateContactsTests.toCreateContacts_001(ToCreateContactsTests.java:37)
at java.base/jdk.internal.reflect.DirectMethodHandleAccessor.invoke(DirectMethodHandleAccessor.java:103)
at java.base/java.lang.reflect.Method.invoke(Method.java:580)
at org.testng.internal.MethodInvocationHelper.invokeMethod(MethodInvocationHelper.java:133)
at org.testng.internal.TestInvoker.invokeMethod(TestInvoker.java:598)
at org.testng.internal.TestInvoker.invokeTestMethod(TestInvoker.java:173)
at org.testng.internal.MethodRunner.runInSequence(MethodRunner.java:46)
at org.testng.internal.TestInvoker$MethodInvocationAgent.invoke(TestInvoker.java:824)
at org.testng.internal.TestInvoker.invokeTestMethods(TestInvoker.java:146)
at org.testng.internal.TestMethodWorker.invokeTestMethods(TestMethodWorker.java:146)
at org.testng.internal.TestMethodWorker.run(TestMethodWorker.java:128)
at java.base/java.util.ArrayList.forEach(ArrayList.java:1596)
at org.testng.TestRunner.privateRun(TestRunner.java:794)
at org.testng.TestRunner.run(TestRunner.java:596)
at org.testng.SuiteRunner.runTest(SuiteRunner.java:377)
at org.testng.SuiteRunner.runSequentially(SuiteRunner.java:371)
at org.testng.SuiteRunner.privateRun(SuiteRunner.java:332)
at org.testng.SuiteRunner.run(SuiteRunner.java:276)
at org.testng.SuiteRunnerWorker.runSuite(SuiteRunnerWorker.java:53)
at org.testng.SuiteRunnerWorker.run(SuiteRunnerWorker.java:96)
at org.testng.TestNG.runSuitesSequentially(TestNG.java:1212)
at org.testng.TestNG.runSuitesLocally(TestNG.java:1134)
at org.testng.TestNG.runSuites(TestNG.java:1063)
at org.testng.TestNG.run(TestNG.java:1031)
at org.testng.remote.AbstractRemoteTestNG.run(AbstractRemoteTestNG.java:115)
at org.testng.remote.RemoteTestNG.initAndRun(RemoteTestNG.java:293)
at org.testng.remote.RemoteTestNG.main(RemoteTestNG.java:91)
]]>
            </full-stacktrace>
          </exception> <!-- java.lang.AssertionError -->
          <reporter-output>
          </reporter-output>
        </test-method> <!-- toCreateContacts_001 -->
        <test-method is-config="true" signature="afterMethodConfiguration()[pri:0, instance:ContactTests.ToCreateContactsTests@e350b40]" started-at="2025-04-03T10:42:01 IST" name="afterMethodConfiguration" finished-at="2025-04-03T10:42:03 IST" duration-ms="1807" status="PASS">
          <reporter-output>
            <line>
              <![CDATA[Logged out successfully]]>
            </line>
          </reporter-output>
        </test-method> <!-- afterMethodConfiguration -->
        <test-method is-config="true" signature="afterClassConfiguration()[pri:0, instance:ContactTests.ToCreateContactsTests@e350b40]" started-at="2025-04-03T10:42:03 IST" name="afterClassConfiguration" finished-at="2025-04-03T10:42:03 IST" duration-ms="347" status="PASS">
          <reporter-output>
            <line>
              <![CDATA[Browser got closed ]]>
            </line>
          </reporter-output>
        </test-method> <!-- afterClassConfiguration -->
        <test-method is-config="true" signature="afterSuitConfiguration()[pri:0, instance:ContactTests.ToCreateContactsTests@e350b40]" started-at="2025-04-03T10:42:04 IST" name="afterSuitConfiguration" finished-at="2025-04-03T10:42:04 IST" duration-ms="1" status="PASS">
          <reporter-output>
            <line>
              <![CDATA[Database connection dissconect ]]>
            </line>
          </reporter-output>
        </test-method> <!-- afterSuitConfiguration -->
      </class> <!-- ContactTests.ToCreateContactsTests -->
    </test> <!-- Default test -->
  </suite> <!-- Default suite -->
</testng-results>
