<?xml version="1.0" encoding="UTF-8"?>
<testng-results ignored="0" total="1" passed="1" failed="0" skipped="0">
  <reporter-output>
    <line>
      <![CDATA[=======DataBase connection est===]]>
    </line>
    <line>
      <![CDATA[Browser got Launched]]>
    </line>
    <line>
      <![CDATA[Logged In successfully]]>
    </line>
    <line>
      <![CDATA[Logged out successfully]]>
    </line>
    <line>
      <![CDATA[Browser got closed ]]>
    </line>
    <line>
      <![CDATA[Database connection dissconect ]]>
    </line>
  </reporter-output>
  <suite started-at="2025-04-05T10:10:37 IST" name="Default suite" finished-at="2025-04-05T10:11:02 IST" duration-ms="24418">
    <groups>
      <group name="Regression">
        <method signature="ToCreateOrganizationwithChemTest.tocreateorganizationwithchemical()[pri:0, instance:OrganizationTests.ToCreateOrganizationwithChemTest@45099dd3]" name="tocreateorganizationwithchemical" class="OrganizationTests.ToCreateOrganizationwithChemTest"/>
      </group> <!-- Regression -->
    </groups>
    <test started-at="2025-04-05T10:10:37 IST" name="Default test" finished-at="2025-04-05T10:11:02 IST" duration-ms="24418">
      <class name="OrganizationTests.ToCreateOrganizationwithChemTest">
        <test-method is-config="true" signature="beforesuiteConfiguration()[pri:0, instance:OrganizationTests.ToCreateOrganizationwithChemTest@45099dd3]" started-at="2025-04-05T10:10:37 IST" name="beforesuiteConfiguration" finished-at="2025-04-05T10:10:37 IST" duration-ms="11" status="PASS">
          <reporter-output>
            <line>
              <![CDATA[=======DataBase connection est===]]>
            </line>
          </reporter-output>
        </test-method> <!-- beforesuiteConfiguration -->
        <test-method is-config="true" signature="beforeClassConfiguration()[pri:0, instance:OrganizationTests.ToCreateOrganizationwithChemTest@45099dd3]" started-at="2025-04-05T10:10:37 IST" name="beforeClassConfiguration" finished-at="2025-04-05T10:10:42 IST" duration-ms="4701" status="PASS">
          <reporter-output>
            <line>
              <![CDATA[Browser got Launched]]>
            </line>
          </reporter-output>
        </test-method> <!-- beforeClassConfiguration -->
        <test-method is-config="true" signature="beforeMethodConfiguration()[pri:0, instance:OrganizationTests.ToCreateOrganizationwithChemTest@45099dd3]" started-at="2025-04-05T10:10:42 IST" name="beforeMethodConfiguration" finished-at="2025-04-05T10:10:42 IST" duration-ms="373" status="PASS">
          <reporter-output>
            <line>
              <![CDATA[Logged In successfully]]>
            </line>
          </reporter-output>
        </test-method> <!-- beforeMethodConfiguration -->
        <test-method signature="tocreateorganizationwithchemical()[pri:0, instance:OrganizationTests.ToCreateOrganizationwithChemTest@45099dd3]" started-at="2025-04-05T10:10:42 IST" name="tocreateorganizationwithchemical" finished-at="2025-04-05T10:10:59 IST" duration-ms="16968" status="PASS">
          <reporter-output>
          </reporter-output>
        </test-method> <!-- tocreateorganizationwithchemical -->
        <test-method is-config="true" signature="afterMethodConfiguration()[pri:0, instance:OrganizationTests.ToCreateOrganizationwithChemTest@45099dd3]" started-at="2025-04-05T10:10:59 IST" name="afterMethodConfiguration" finished-at="2025-04-05T10:11:01 IST" duration-ms="1943" status="PASS">
          <reporter-output>
            <line>
              <![CDATA[Logged out successfully]]>
            </line>
          </reporter-output>
        </test-method> <!-- afterMethodConfiguration -->
        <test-method is-config="true" signature="afterClassConfiguration()[pri:0, instance:OrganizationTests.ToCreateOrganizationwithChemTest@45099dd3]" started-at="2025-04-05T10:11:01 IST" name="afterClassConfiguration" finished-at="2025-04-05T10:11:02 IST" duration-ms="374" status="PASS">
          <reporter-output>
            <line>
              <![CDATA[Browser got closed ]]>
            </line>
          </reporter-output>
        </test-method> <!-- afterClassConfiguration -->
        <test-method is-config="true" signature="afterSuitConfiguration()[pri:0, instance:OrganizationTests.ToCreateOrganizationwithChemTest@45099dd3]" started-at="2025-04-05T10:11:02 IST" name="afterSuitConfiguration" finished-at="2025-04-05T10:11:02 IST" duration-ms="1" status="PASS">
          <reporter-output>
            <line>
              <![CDATA[Database connection dissconect ]]>
            </line>
          </reporter-output>
        </test-method> <!-- afterSuitConfiguration -->
      </class> <!-- OrganizationTests.ToCreateOrganizationwithChemTest -->
    </test> <!-- Default test -->
  </suite> <!-- Default suite -->
</testng-results>
