<?xml version="1.0" encoding="UTF-8"?>
<!-- Generated by org.testng.reporters.JUnitXMLReporter -->
<testsuite ignored="2" hostname="DESKTOP-SH95AFO" failures="0" tests="3" name="Test" time="70.918" errors="0" timestamp="2025-04-05T09:50:19 IST">
  <testcase classname="OrganizationTests.ToCreateOrganizationwithChemTests" name="tocreateorganizationwithchemical" time="17.629"/>
  <testcase classname="OrganizationTests.ToCreateOrganizationTests" name="toCreateOrganizationtest_002" time="15.723"/>
  <testcase classname="OrganizationTests.ToCreateOrgwithChemaicalTypeTest" name="tocreateOrganizationwithChemial_Type" time="18.315"/>
  <testcase classname="genericUtility.BaseClass" name="@BeforeSuite beforesuiteConfiguration" time="0.0">
    <ignored/>
  </testcase> <!-- @BeforeSuite beforesuiteConfiguration -->
  <testcase classname="genericUtility.BaseClass" name="@BeforeSuite beforesuiteConfiguration" time="0.0">
    <ignored/>
  </testcase> <!-- @BeforeSuite beforesuiteConfiguration -->
</testsuite> <!-- Test -->
