<?xml version="1.0" encoding="UTF-8"?>
<!-- Generated by org.testng.reporters.JUnitXMLReporter -->
<testsuite ignored="2" hostname="DESKTOP-SH95AFO" failures="0" tests="3" name="Test" time="64.468" errors="0" timestamp="2025-03-24T08:55:05 IST">
  <testcase classname="OrganizationTests.ToCreateOrganizationwithChemical" name="tocreateorganizationwithchemical" time="16.153"/>
  <testcase classname="OrganizationTests.ToCreateOrganizationTests" name="toCreateOrganizationtest_002" time="15.328"/>
  <testcase classname="OrganizationTests.ToCreateOrganizationwithChemial_Type" name="tocreateOrganizationwithChemial_Type" time="15.094"/>
  <testcase classname="genericUtility.BaseClass" name="@BeforeSuite beforesuiteConfiguration" time="0.0">
    <ignored/>
  </testcase> <!-- @BeforeSuite beforesuiteConfiguration -->
  <testcase classname="genericUtility.BaseClass" name="@BeforeSuite beforesuiteConfiguration" time="0.0">
    <ignored/>
  </testcase> <!-- @BeforeSuite beforesuiteConfiguration -->
</testsuite> <!-- Test -->
